"../../../../../../Users/trist/Desktop/GGJ19/SlippyPaws/Content/Funcs.uasset" 0
"../../../../../../Users/trist/Desktop/GGJ19/SlippyPaws/Content/Ice.uasset" 1
"../../../../../../Users/trist/Desktop/GGJ19/SlippyPaws/Content/logo.uasset" 2
"../../../Engine/Content/Functions/Engine_MaterialFunctions01/Opacity/CameraDepthFade.uasset" 3
"../../../Engine/Content/EngineMaterials/T_Default_Material_Grid_M.uasset" 4
"../../../Engine/Content/EngineMaterials/T_Default_Material_Grid_N.uasset" 5
"../../../Engine/Content/EngineMaterials/WorldGridMaterial.uasset" 6
"../../../../../../Users/trist/Desktop/GGJ19/SlippyPaws/Content/Effects/Rounded_Sphere.uasset" 7
"../../../../../../Users/trist/Desktop/GGJ19/SlippyPaws/Content/Effects/SmokeHeight.uasset" 8
"../../../../../../Users/trist/Desktop/GGJ19/SlippyPaws/Content/Effects/Smoke.uasset" 9
"../../../../../../Users/trist/Desktop/GGJ19/SlippyPaws/Content/Geometry/Meshes/CubeMaterial.uasset" 10
"../../../../../../Users/trist/Desktop/GGJ19/SlippyPaws/Content/Geometry/Meshes/1M_Cube.uasset" 11
"../../../../../../Users/trist/Desktop/GGJ19/SlippyPaws/Content/Geometry/Meshes/1M_Cube_Chamfer.uasset" 12
"../../../../../../Users/trist/Desktop/GGJ19/SlippyPaws/Content/Geometry/Meshes/TemplateFloor.uasset" 13
"../../../../../../Users/trist/Desktop/GGJ19/SlippyPaws/Content/ice/Content/M_Simple.uasset" 14
"../../../../../../Users/trist/Desktop/GGJ19/SlippyPaws/Content/ice/Content/M_Water_Master_Inst.uasset" 15
"../../../../../../Users/trist/Desktop/GGJ19/SlippyPaws/Content/ice/Content/T_Water_01_N.uasset" 16
"../../../../../../Users/trist/Desktop/GGJ19/SlippyPaws/Content/ice/Content/T_Water_Ripple_Directional_Noise.uasset" 17
"../../../../../../Users/trist/Desktop/GGJ19/SlippyPaws/Content/Mannequin/Character/Mesh/UE4_Mannequin_Skeleton.uasset" 18
"../../../../../../Users/trist/Desktop/GGJ19/SlippyPaws/Content/Mannequin/Animations/ThirdPersonJump_End.uasset" 19
"../../../Engine/Content/Functions/Engine_MaterialFunctions02/Utility/BlendAngleCorrectedNormals.uasset" 20
"../../../Engine/Content/Functions/MaterialLayerFunctions/MatLayerBlend_NormalBlend.uasset" 21
"../../../Engine/Content/Functions/MaterialLayerFunctions/MatLayerBlend_Simple.uasset" 22
"../../../../../../Users/trist/Desktop/GGJ19/SlippyPaws/Content/Mannequin/Character/Materials/MaterialLayers/T_ML_Rubber_Blue_01_D.uasset" 23
"../../../../../../Users/trist/Desktop/GGJ19/SlippyPaws/Content/Mannequin/Character/Materials/MaterialLayers/T_ML_Rubber_Blue_01_N.uasset" 24
"../../../../../../Users/trist/Desktop/GGJ19/SlippyPaws/Content/Mannequin/Character/Materials/MaterialLayers/ML_GlossyBlack_Latex_UE4.uasset" 25
"../../../../../../Users/trist/Desktop/GGJ19/SlippyPaws/Content/Mannequin/Character/Materials/MaterialLayers/ML_Plastic_Shiny_Beige.uasset" 26
"../../../../../../Users/trist/Desktop/GGJ19/SlippyPaws/Content/Mannequin/Character/Textures/UE4_LOGO_CARD.uasset" 27
"../../../../../../Users/trist/Desktop/GGJ19/SlippyPaws/Content/Mannequin/Character/Materials/MaterialLayers/ML_Plastic_Shiny_Beige_LOGO.uasset" 28
"../../../../../../Users/trist/Desktop/GGJ19/SlippyPaws/Content/Mannequin/Character/Materials/MaterialLayers/T_ML_Aluminum01.uasset" 29
"../../../../../../Users/trist/Desktop/GGJ19/SlippyPaws/Content/Mannequin/Character/Materials/MaterialLayers/T_ML_Aluminum01_N.uasset" 30
"../../../../../../Users/trist/Desktop/GGJ19/SlippyPaws/Content/Mannequin/Character/Materials/MaterialLayers/ML_SoftMetal_UE4.uasset" 31
"../../../../../../Users/trist/Desktop/GGJ19/SlippyPaws/Content/Mannequin/Character/Textures/UE4_Mannequin__normals.uasset" 32
"../../../../../../Users/trist/Desktop/GGJ19/SlippyPaws/Content/Mannequin/Character/Textures/UE4_Mannequin_MAT_MASKA.uasset" 33
"../../../../../../Users/trist/Desktop/GGJ19/SlippyPaws/Content/Mannequin/Character/Materials/M_UE4Man_Body.uasset" 34
"../../../../../../Users/trist/Desktop/GGJ19/SlippyPaws/Content/Mannequin/Character/Textures/UE4Man_Logo_N.uasset" 35
"../../../../../../Users/trist/Desktop/GGJ19/SlippyPaws/Content/Mannequin/Character/Materials/M_UE4Man_ChestLogo.uasset" 36
"../../../../../../Users/trist/Desktop/GGJ19/SlippyPaws/Content/Mannequin/Character/Mesh/SK_Mannequin_PhysicsAsset.uasset" 37
"../../../../../../Users/trist/Desktop/GGJ19/SlippyPaws/Content/Mannequin/Character/Mesh/SK_Mannequin.uasset" 38
"../../../../../../Users/trist/Desktop/GGJ19/SlippyPaws/Content/Sounds/AmbientSounds.uasset" 39
"../../../../../../Users/trist/Desktop/GGJ19/SlippyPaws/Content/Sounds/Sound_iceshatter.uasset" 40
"../../../../../../Users/trist/Desktop/GGJ19/SlippyPaws/Content/Sounds/Sound_panting.uasset" 41
"../../../../../../Users/trist/Desktop/GGJ19/SlippyPaws/Content/Sounds/Sound_watersplashing.uasset" 42
"../../Plugins/2D/Paper2D/Content/DefaultSpriteMaterial.uasset" 43
"../../Plugins/2D/Paper2D/Content/TranslucentUnlitSpriteMaterial.uasset" 44
"../../../../../../Users/trist/Desktop/GGJ19/SlippyPaws/Content/sprites/Head_Bobbing_1.uasset" 45
"../../../../../../Users/trist/Desktop/GGJ19/SlippyPaws/Content/sprites/Head_Bobbing_1_Sprite.uasset" 46
"../../../../../../Users/trist/Desktop/GGJ19/SlippyPaws/Content/sprites/Head_Bobbing_2.uasset" 47
"../../../../../../Users/trist/Desktop/GGJ19/SlippyPaws/Content/sprites/Head_Bobbing_2_Sprite.uasset" 48
"../../../../../../Users/trist/Desktop/GGJ19/SlippyPaws/Content/sprites/Head_Bobbing_3.uasset" 49
"../../../../../../Users/trist/Desktop/GGJ19/SlippyPaws/Content/sprites/Head_Bobbing_3_Sprite.uasset" 50
"../../../../../../Users/trist/Desktop/GGJ19/SlippyPaws/Content/sprites/Head_Bobbing_4.uasset" 51
"../../../../../../Users/trist/Desktop/GGJ19/SlippyPaws/Content/sprites/Head_Bobbing_4_Sprite.uasset" 52
"../../../../../../Users/trist/Desktop/GGJ19/SlippyPaws/Content/sprites/HeadBob.uasset" 53
"../../../../../../Users/trist/Desktop/GGJ19/SlippyPaws/Content/sprites/Idle_1.uasset" 54
"../../../../../../Users/trist/Desktop/GGJ19/SlippyPaws/Content/sprites/Idle_1_Mat.uasset" 55
"../../../../../../Users/trist/Desktop/GGJ19/SlippyPaws/Content/sprites/Landing_1.uasset" 56
"../../../../../../Users/trist/Desktop/GGJ19/SlippyPaws/Content/sprites/Landing_1_Sprite.uasset" 57
"../../../../../../Users/trist/Desktop/GGJ19/SlippyPaws/Content/sprites/Landing_2.uasset" 58
"../../../../../../Users/trist/Desktop/GGJ19/SlippyPaws/Content/sprites/Landing_2_Sprite.uasset" 59
"../../../../../../Users/trist/Desktop/GGJ19/SlippyPaws/Content/sprites/Landing_3.uasset" 60
"../../../../../../Users/trist/Desktop/GGJ19/SlippyPaws/Content/sprites/Landing_3_Sprite.uasset" 61
"../../../../../../Users/trist/Desktop/GGJ19/SlippyPaws/Content/sprites/Landing_4.uasset" 62
"../../../../../../Users/trist/Desktop/GGJ19/SlippyPaws/Content/sprites/Landing_4_Sprite.uasset" 63
"../../../../../../Users/trist/Desktop/GGJ19/SlippyPaws/Content/sprites/Landing_5.uasset" 64
"../../../../../../Users/trist/Desktop/GGJ19/SlippyPaws/Content/sprites/Landing_5_Sprite.uasset" 65
"../../../../../../Users/trist/Desktop/GGJ19/SlippyPaws/Content/sprites/Landing.uasset" 66
"../../../Engine/Content/EditorBlueprintResources/StandardMacros.uasset" 67
"../../../../../../Users/trist/Desktop/GGJ19/SlippyPaws/Content/ice/IceMat/IceSnow_stylised_AO_Rough_Height.uasset" 68
"../../../../../../Users/trist/Desktop/GGJ19/SlippyPaws/Content/ice/IceMat/IceSnow_stylised_basecolor.uasset" 69
"../../../../../../Users/trist/Desktop/GGJ19/SlippyPaws/Content/ice/IceMat/IceSnow_stylised_normal.uasset" 70
"../../../../../../Users/trist/Desktop/GGJ19/SlippyPaws/Content/ice/IceMat/Ice_mat.uasset" 71
"../../../../../../Users/trist/Desktop/GGJ19/SlippyPaws/Content/Terrain/MovingIcebergs/Iceberg_cube/IceCube_low.uasset" 72
"../../../../../../Users/trist/Desktop/GGJ19/SlippyPaws/Content/Terrain/propIce.uasset" 73
"../../../Engine/Content/BasicShapes/BasicShapeMaterial.uasset" 74
"../../../../../../Users/trist/Desktop/GGJ19/SlippyPaws/Content/ice/Water_foam/gradient_1.uasset" 75
"../../../../../../Users/trist/Desktop/GGJ19/SlippyPaws/Content/ice/Water_foam/Waterfoamtest.uasset" 76
"../../../../../../Users/trist/Desktop/GGJ19/SlippyPaws/Content/ice/Water_foam/wave.uasset" 77
"../../../Engine/Content/BasicShapes/Cube.uasset" 78
"../../../../../../Users/trist/Desktop/GGJ19/SlippyPaws/Content/ice/Water_foam/Water_Plane.uasset" 79
"../../../../../../Users/trist/Desktop/GGJ19/SlippyPaws/Content/Terrain/WobblingPlatform.uasset" 80
"../../../../../../Users/trist/Desktop/GGJ19/SlippyPaws/Content/Terrain/moving.uasset" 81
"../../../../../../Users/trist/Desktop/GGJ19/SlippyPaws/Content/sprites/Idle_10_-_Copy.uasset" 82
"../../../../../../Users/trist/Desktop/GGJ19/SlippyPaws/Content/sprites/Idle_10_-_Copy_Sprite.uasset" 83
"../../../../../../Users/trist/Desktop/GGJ19/SlippyPaws/Content/sprites/Idle_10.uasset" 84
"../../../../../../Users/trist/Desktop/GGJ19/SlippyPaws/Content/sprites/Idle_10_Sprite.uasset" 85
"../../../../../../Users/trist/Desktop/GGJ19/SlippyPaws/Content/sprites/Idle_11_-_Copy.uasset" 86
"../../../../../../Users/trist/Desktop/GGJ19/SlippyPaws/Content/sprites/Idle_11_-_Copy_Sprite.uasset" 87
"../../../../../../Users/trist/Desktop/GGJ19/SlippyPaws/Content/sprites/Idle_11.uasset" 88
"../../../../../../Users/trist/Desktop/GGJ19/SlippyPaws/Content/sprites/Idle_11_Sprite.uasset" 89
"../../../../../../Users/trist/Desktop/GGJ19/SlippyPaws/Content/sprites/Idle_1_Sprite.uasset" 90
"../../../../../../Users/trist/Desktop/GGJ19/SlippyPaws/Content/sprites/Idle_2.uasset" 91
"../../../../../../Users/trist/Desktop/GGJ19/SlippyPaws/Content/sprites/Idle_2_Sprite.uasset" 92
"../../../../../../Users/trist/Desktop/GGJ19/SlippyPaws/Content/sprites/Idle_3.uasset" 93
"../../../../../../Users/trist/Desktop/GGJ19/SlippyPaws/Content/sprites/Idle_3_Sprite.uasset" 94
"../../../../../../Users/trist/Desktop/GGJ19/SlippyPaws/Content/sprites/Idle_4.uasset" 95
"../../../../../../Users/trist/Desktop/GGJ19/SlippyPaws/Content/sprites/Idle_4_Sprite.uasset" 96
"../../../../../../Users/trist/Desktop/GGJ19/SlippyPaws/Content/sprites/Idle_5_-_Copy.uasset" 97
"../../../../../../Users/trist/Desktop/GGJ19/SlippyPaws/Content/sprites/Idle_5_-_Copy_Sprite.uasset" 98
"../../../../../../Users/trist/Desktop/GGJ19/SlippyPaws/Content/sprites/Idle_5.uasset" 99
"../../../../../../Users/trist/Desktop/GGJ19/SlippyPaws/Content/sprites/Idle_5_Sprite.uasset" 100
"../../../../../../Users/trist/Desktop/GGJ19/SlippyPaws/Content/sprites/Idle_6_-_Copy.uasset" 101
"../../../../../../Users/trist/Desktop/GGJ19/SlippyPaws/Content/sprites/Idle_6_-_Copy_Sprite.uasset" 102
"../../../../../../Users/trist/Desktop/GGJ19/SlippyPaws/Content/sprites/Idle_6.uasset" 103
"../../../../../../Users/trist/Desktop/GGJ19/SlippyPaws/Content/sprites/Idle_6_Sprite.uasset" 104
"../../../../../../Users/trist/Desktop/GGJ19/SlippyPaws/Content/sprites/Idle_7_-_Copy.uasset" 105
"../../../../../../Users/trist/Desktop/GGJ19/SlippyPaws/Content/sprites/Idle_7_-_Copy_Sprite.uasset" 106
"../../../../../../Users/trist/Desktop/GGJ19/SlippyPaws/Content/sprites/Idle_7.uasset" 107
"../../../../../../Users/trist/Desktop/GGJ19/SlippyPaws/Content/sprites/Idle_7_Sprite.uasset" 108
"../../../../../../Users/trist/Desktop/GGJ19/SlippyPaws/Content/sprites/Idle_8_-_Copy.uasset" 109
"../../../../../../Users/trist/Desktop/GGJ19/SlippyPaws/Content/sprites/Idle_8_-_Copy_Sprite.uasset" 110
"../../../../../../Users/trist/Desktop/GGJ19/SlippyPaws/Content/sprites/Idle_8.uasset" 111
"../../../../../../Users/trist/Desktop/GGJ19/SlippyPaws/Content/sprites/Idle_8_Sprite.uasset" 112
"../../../../../../Users/trist/Desktop/GGJ19/SlippyPaws/Content/sprites/Idle_9_-_Copy.uasset" 113
"../../../../../../Users/trist/Desktop/GGJ19/SlippyPaws/Content/sprites/Idle_9_-_Copy_Sprite.uasset" 114
"../../../../../../Users/trist/Desktop/GGJ19/SlippyPaws/Content/sprites/Idle_9.uasset" 115
"../../../../../../Users/trist/Desktop/GGJ19/SlippyPaws/Content/sprites/Idle_9_Sprite.uasset" 116
"../../../../../../Users/trist/Desktop/GGJ19/SlippyPaws/Content/sprites/Idle.uasset" 117
"../../../../../../Users/trist/Desktop/GGJ19/SlippyPaws/Content/MenuPawn.uasset" 118
"../../../../../../Users/trist/Desktop/GGJ19/SlippyPaws/Content/UI/Main.uasset" 119
"../../../../../../Users/trist/Desktop/GGJ19/SlippyPaws/Content/terrainspawner.uasset" 120
"../../../Engine/Content/EngineMaterials/DefaultMaterial.uasset" 121
"../../../Engine/Content/BasicShapes/Sphere.uasset" 122
"../../../../../../Users/trist/Desktop/GGJ19/SlippyPaws/Content/Sounds/Sound_jump.uasset" 123
"../../../../../../Users/trist/Desktop/GGJ19/SlippyPaws/Content/Sounds/Sound_Jumpsplash.uasset" 124
"../../../../../../Users/trist/Desktop/GGJ19/SlippyPaws/Content/Sounds/Sound_snowrun_02.uasset" 125
"../../../../../../Users/trist/Desktop/GGJ19/SlippyPaws/Content/Sounds/Sound_watersplashing_short.uasset" 126
"../../../../../../Users/trist/Desktop/GGJ19/SlippyPaws/Content/sprites/Jumping_10.uasset" 127
"../../../../../../Users/trist/Desktop/GGJ19/SlippyPaws/Content/sprites/Jumping_10_Sprite.uasset" 128
"../../../../../../Users/trist/Desktop/GGJ19/SlippyPaws/Content/sprites/Jumping_1.uasset" 129
"../../../../../../Users/trist/Desktop/GGJ19/SlippyPaws/Content/sprites/Jumping_1_Sprite.uasset" 130
"../../../../../../Users/trist/Desktop/GGJ19/SlippyPaws/Content/sprites/Jumping_2.uasset" 131
"../../../../../../Users/trist/Desktop/GGJ19/SlippyPaws/Content/sprites/Jumping_2_Sprite.uasset" 132
"../../../../../../Users/trist/Desktop/GGJ19/SlippyPaws/Content/sprites/Jumping_3.uasset" 133
"../../../../../../Users/trist/Desktop/GGJ19/SlippyPaws/Content/sprites/Jumping_3_Sprite.uasset" 134
"../../../../../../Users/trist/Desktop/GGJ19/SlippyPaws/Content/sprites/Jumping_4.uasset" 135
"../../../../../../Users/trist/Desktop/GGJ19/SlippyPaws/Content/sprites/Jumping_4_Sprite.uasset" 136
"../../../../../../Users/trist/Desktop/GGJ19/SlippyPaws/Content/sprites/Jumping_5.uasset" 137
"../../../../../../Users/trist/Desktop/GGJ19/SlippyPaws/Content/sprites/Jumping_5_Sprite.uasset" 138
"../../../../../../Users/trist/Desktop/GGJ19/SlippyPaws/Content/sprites/Jumping_6.uasset" 139
"../../../../../../Users/trist/Desktop/GGJ19/SlippyPaws/Content/sprites/Jumping_6_Sprite.uasset" 140
"../../../../../../Users/trist/Desktop/GGJ19/SlippyPaws/Content/sprites/Jumping_7.uasset" 141
"../../../../../../Users/trist/Desktop/GGJ19/SlippyPaws/Content/sprites/Jumping_7_Sprite.uasset" 142
"../../../../../../Users/trist/Desktop/GGJ19/SlippyPaws/Content/sprites/Jumping_8.uasset" 143
"../../../../../../Users/trist/Desktop/GGJ19/SlippyPaws/Content/sprites/Jumping_8_Sprite.uasset" 144
"../../../../../../Users/trist/Desktop/GGJ19/SlippyPaws/Content/sprites/Jumping_9.uasset" 145
"../../../../../../Users/trist/Desktop/GGJ19/SlippyPaws/Content/sprites/Jumping_9_Sprite.uasset" 146
"../../../../../../Users/trist/Desktop/GGJ19/SlippyPaws/Content/sprites/Jumping.uasset" 147
"../../../../../../Users/trist/Desktop/GGJ19/SlippyPaws/Content/sprites/Running_10.uasset" 148
"../../../../../../Users/trist/Desktop/GGJ19/SlippyPaws/Content/sprites/Running_10_Sprite.uasset" 149
"../../../../../../Users/trist/Desktop/GGJ19/SlippyPaws/Content/sprites/Running_11.uasset" 150
"../../../../../../Users/trist/Desktop/GGJ19/SlippyPaws/Content/sprites/Running_11_Sprite.uasset" 151
"../../../../../../Users/trist/Desktop/GGJ19/SlippyPaws/Content/sprites/Running_12.uasset" 152
"../../../../../../Users/trist/Desktop/GGJ19/SlippyPaws/Content/sprites/Running_12_Sprite.uasset" 153
"../../../../../../Users/trist/Desktop/GGJ19/SlippyPaws/Content/sprites/Running_1.uasset" 154
"../../../../../../Users/trist/Desktop/GGJ19/SlippyPaws/Content/sprites/Running_1_Sprite.uasset" 155
"../../../../../../Users/trist/Desktop/GGJ19/SlippyPaws/Content/sprites/Running_2.uasset" 156
"../../../../../../Users/trist/Desktop/GGJ19/SlippyPaws/Content/sprites/Running_2_Sprite.uasset" 157
"../../../../../../Users/trist/Desktop/GGJ19/SlippyPaws/Content/sprites/Running_3.uasset" 158
"../../../../../../Users/trist/Desktop/GGJ19/SlippyPaws/Content/sprites/Running_3_Sprite.uasset" 159
"../../../../../../Users/trist/Desktop/GGJ19/SlippyPaws/Content/sprites/Running_4.uasset" 160
"../../../../../../Users/trist/Desktop/GGJ19/SlippyPaws/Content/sprites/Running_4_Sprite.uasset" 161
"../../../../../../Users/trist/Desktop/GGJ19/SlippyPaws/Content/sprites/Running_5.uasset" 162
"../../../../../../Users/trist/Desktop/GGJ19/SlippyPaws/Content/sprites/Running_5_Sprite.uasset" 163
"../../../../../../Users/trist/Desktop/GGJ19/SlippyPaws/Content/sprites/Running_6.uasset" 164
"../../../../../../Users/trist/Desktop/GGJ19/SlippyPaws/Content/sprites/Running_6_Sprite.uasset" 165
"../../../../../../Users/trist/Desktop/GGJ19/SlippyPaws/Content/sprites/Running_7.uasset" 166
"../../../../../../Users/trist/Desktop/GGJ19/SlippyPaws/Content/sprites/Running_7_Sprite.uasset" 167
"../../../../../../Users/trist/Desktop/GGJ19/SlippyPaws/Content/sprites/Running_8.uasset" 168
"../../../../../../Users/trist/Desktop/GGJ19/SlippyPaws/Content/sprites/Running_8_Sprite.uasset" 169
"../../../../../../Users/trist/Desktop/GGJ19/SlippyPaws/Content/sprites/Running_9.uasset" 170
"../../../../../../Users/trist/Desktop/GGJ19/SlippyPaws/Content/sprites/Running_9_Sprite.uasset" 171
"../../../../../../Users/trist/Desktop/GGJ19/SlippyPaws/Content/sprites/Running.uasset" 172
"../../../../../../Users/trist/Desktop/GGJ19/SlippyPaws/Content/sprites/Starting_Pose_1.uasset" 173
"../../../../../../Users/trist/Desktop/GGJ19/SlippyPaws/Content/sprites/Starting_Pose_1_Sprite.uasset" 174
"../../../../../../Users/trist/Desktop/GGJ19/SlippyPaws/Content/sprites/Starting_Pose_2.uasset" 175
"../../../../../../Users/trist/Desktop/GGJ19/SlippyPaws/Content/sprites/Starting_Pose_2_Sprite.uasset" 176
"../../../../../../Users/trist/Desktop/GGJ19/SlippyPaws/Content/sprites/Starting_Pose_3.uasset" 177
"../../../../../../Users/trist/Desktop/GGJ19/SlippyPaws/Content/sprites/Starting_Pose_3_Sprite.uasset" 178
"../../../../../../Users/trist/Desktop/GGJ19/SlippyPaws/Content/sprites/Starting_Pose_4.uasset" 179
"../../../../../../Users/trist/Desktop/GGJ19/SlippyPaws/Content/sprites/Starting_Pose_4_Sprite.uasset" 180
"../../../../../../Users/trist/Desktop/GGJ19/SlippyPaws/Content/sprites/Starting_Pose_5.uasset" 181
"../../../../../../Users/trist/Desktop/GGJ19/SlippyPaws/Content/sprites/Starting_Pose_5_Sprite.uasset" 182
"../../../../../../Users/trist/Desktop/GGJ19/SlippyPaws/Content/sprites/Starting_Pose_6.uasset" 183
"../../../../../../Users/trist/Desktop/GGJ19/SlippyPaws/Content/sprites/Starting_Pose_6_Sprite.uasset" 184
"../../../../../../Users/trist/Desktop/GGJ19/SlippyPaws/Content/sprites/Starting_Pose.uasset" 185
"../../../../../../Users/trist/Desktop/GGJ19/SlippyPaws/Content/PhysicsCharacter.uasset" 186
"../../../../../../Users/trist/Desktop/GGJ19/SlippyPaws/Content/Mannequin/Animations/ThirdPerson_Jump.uasset" 187
"../../../../../../Users/trist/Desktop/GGJ19/SlippyPaws/Content/Mannequin/Animations/ThirdPersonJump_Loop.uasset" 188
"../../../../../../Users/trist/Desktop/GGJ19/SlippyPaws/Content/Mannequin/Animations/ThirdPersonJump_Start.uasset" 189
"../../../../../../Users/trist/Desktop/GGJ19/SlippyPaws/Content/Mannequin/Animations/ThirdPersonIdle.uasset" 190
"../../../../../../Users/trist/Desktop/GGJ19/SlippyPaws/Content/Mannequin/Animations/ThirdPersonRun.uasset" 191
"../../../../../../Users/trist/Desktop/GGJ19/SlippyPaws/Content/Mannequin/Animations/ThirdPersonWalk.uasset" 192
"../../../../../../Users/trist/Desktop/GGJ19/SlippyPaws/Content/Mannequin/Animations/ThirdPerson_IdleRun_2D.uasset" 193
"../../../../../../Users/trist/Desktop/GGJ19/SlippyPaws/Content/Mannequin/Animations/ThirdPerson_AnimBP.uasset" 194
"../../../../../../Users/trist/Desktop/GGJ19/SlippyPaws/Content/ThirdPersonBP/Blueprints/ThirdPersonCharacter.uasset" 195
"../../../../../../Users/trist/Desktop/GGJ19/SlippyPaws/Content/Terrain/terrainParent.uasset" 196
"../../../../../../Users/trist/Desktop/GGJ19/SlippyPaws/Content/Terrain/MovingIcebergs/SlidingIceberg.uasset" 197
"../../../../../../Users/trist/Desktop/GGJ19/SlippyPaws/Content/Terrain/MovingIcebergs/IcebergMotion1.uasset" 198
"../../../../../../Users/trist/Desktop/GGJ19/SlippyPaws/Content/Terrain/MovingIcebergs/MotionTrigger.uasset" 199
"../../../../../../Users/trist/Desktop/GGJ19/SlippyPaws/Content/Terrain/MovingIcebergs/Iceberg_cube/IceCube_low_initialShadingGroup_Normal.uasset" 200
"../../../../../../Users/trist/Desktop/GGJ19/SlippyPaws/Content/Terrain/MovingIcebergs/Iceberg_cube/CubeBerg_mat.uasset" 201
"../../../../../../Users/trist/Desktop/GGJ19/SlippyPaws/Content/Terrain/MovingIcebergs/Iceberg_flat/LowpolyUV_LowpolyUV_initialShadingGroup_Normal.uasset" 202
"../../../../../../Users/trist/Desktop/GGJ19/SlippyPaws/Content/Terrain/MovingIcebergs/Iceberg_flat/LowpolyUV_LowpolyUV_initialShadingGroup_OcclusionRoughnessMetallic.uasset" 203
"../../../../../../Users/trist/Desktop/GGJ19/SlippyPaws/Content/Terrain/MovingIcebergs/Iceberg_flat/Iceberg_flat_mat.uasset" 204
"../../../../../../Users/trist/Desktop/GGJ19/SlippyPaws/Content/Terrain/MovingIcebergs/Iceberg_flat/Lowpoly.uasset" 205
"../../../../../../Users/trist/Desktop/GGJ19/SlippyPaws/Content/Terrain/MovingIcebergs/Iceberg_flat/LowpolyUV_LowpolyUV_initialShadingGroup_BaseColor.uasset" 206
"../../../../../../Users/trist/Desktop/GGJ19/SlippyPaws/Content/ThirdPerson/Meshes/RampMaterial.uasset" 207
"../../../../../../Users/trist/Desktop/GGJ19/SlippyPaws/Content/ThirdPerson/Meshes/Bump_StaticMesh.uasset" 208
"../../../../../../Users/trist/Desktop/GGJ19/SlippyPaws/Content/ThirdPerson/Meshes/LeftArm_StaticMesh.uasset" 209
"../../../../../../Users/trist/Desktop/GGJ19/SlippyPaws/Content/ThirdPerson/Meshes/Linear_Stair_StaticMesh.uasset" 210
"../../../../../../Users/trist/Desktop/GGJ19/SlippyPaws/Content/ThirdPerson/Meshes/Ramp_StaticMesh.uasset" 211
"../../../../../../Users/trist/Desktop/GGJ19/SlippyPaws/Content/ThirdPerson/Meshes/RightArm_StaticMesh.uasset" 212
"../../../../../../Users/trist/Desktop/GGJ19/SlippyPaws/Content/ThirdPersonBP/Blueprints/ThirdPersonGameMode.uasset" 213
"../../../../../../Users/trist/Desktop/GGJ19/SlippyPaws/Content/UI/Assets/polar.uasset" 214
"../../../Engine/Content/ArtTools/RenderToTexture/Meshes/S_1_Unit_Plane.uasset" 215
"../../../Engine/Content/BasicShapes/Cone.uasset" 216
"../../../Engine/Content/BasicShapes/Cylinder.uasset" 217
"../../../Engine/Content/EditorLandscapeResources/DataLayer.uasset" 218
"../../../Engine/Content/EditorMaterials/GizmoMaterial.uasset" 219
"../../../Engine/Content/EditorMaterials/MAT_Groups_Toggle.uasset" 220
"../../../Engine/Content/EditorMaterials/MAT_Groups_Visibility.uasset" 221
"../../../Engine/Content/EditorMaterials/PreviewShadowIndicator.uasset" 222
"../../../Engine/Content/EditorMaterials/PreviewShadowIndicatorMaterial.uasset" 223
"../../../Engine/Content/EditorMaterials/MatineeGroups/MAT_ColorTrack.uasset" 224
"../../../Engine/Content/EditorMaterials/MatineeGroups/MAT_Groups_Anim.uasset" 225
"../../../Engine/Content/EditorMaterials/MatineeGroups/MAT_Groups_AudioMaster.uasset" 226
"../../../Engine/Content/EditorMaterials/MatineeGroups/MAT_Groups_Director.uasset" 227
"../../../Engine/Content/EditorMaterials/MatineeGroups/MAT_Groups_Event.uasset" 228
"../../../Engine/Content/EditorMaterials/MatineeGroups/MAT_Groups_Fade.uasset" 229
"../../../Engine/Content/EditorMaterials/MatineeGroups/MAT_Groups_Float.uasset" 230
"../../../Engine/Content/EditorMaterials/MatineeGroups/MAT_Groups_Move.uasset" 231
"../../../Engine/Content/EditorMaterials/MatineeGroups/MAT_Groups_Slomo.uasset" 232
"../../../Engine/Content/EditorMaterials/MatineeGroups/MAT_Groups_Sound.uasset" 233
"../../../Engine/Content/EditorMaterials/MatineeGroups/MAT_Groups_Vector.uasset" 234
"../../../Engine/Content/EditorMaterials/ParticleSystems/PSysThumbnail_NoImage.uasset" 235
"../../../Engine/Content/EditorMaterials/ParticleSystems/PSysThumbnail_OOD.uasset" 236
"../../../Engine/Content/EditorMaterials/Camera/CineMat.uasset" 237
"../../../Engine/Content/EditorMaterials/Camera/MI_CineMat_Rig.uasset" 238
"../../../Engine/Content/EditorMeshes/Camera/SM_CraneRig_Arm.uasset" 239
"../../../Engine/Content/EditorMeshes/Camera/SM_CraneRig_Base.uasset" 240
"../../../Engine/Content/EditorMeshes/Camera/SM_CraneRig_Body.uasset" 241
"../../../Engine/Content/EditorMeshes/Camera/SM_CraneRig_Mount.uasset" 242
"../../../Engine/Content/EditorMeshes/Camera/SM_RailRig_Mount.uasset" 243
"../../../Engine/Content/EditorMeshes/Camera/SM_RailRig_Track.uasset" 244
"../../../Engine/Content/EditorResources/BSPVertex.uasset" 245
"../../../Engine/Content/EditorResources/EmptyActor.uasset" 246
"../../../Engine/Content/EditorResources/S_Actor.uasset" 247
"../../../Engine/Content/EditorResources/S_KBSJoint.uasset" 248
"../../../Engine/Content/EditorResources/S_Trigger.uasset" 249
"../../../Engine/Content/EditorResources/AudioIcons/S_AudioComponent_AutoActivate.uasset" 250
"../../../Engine/Content/EditorResources/LightIcons/S_LightError.uasset" 251
"../../../Engine/Content/EditorResources/SequenceRecorder/Countdown.uasset" 252
"../../../Engine/Content/EditorResources/SequenceRecorder/RecordingIndicator.uasset" 253
"../../../Engine/Content/EditorSounds/Notifications/CompileFailed.uasset" 254
"../../../Engine/Content/EditorSounds/Notifications/CompileFailed_Cue.uasset" 255
"../../../Engine/Content/EditorSounds/Notifications/CompileSuccess.uasset" 256
"../../../Engine/Content/EditorSounds/Notifications/CompileStart_Cue.uasset" 257
"../../../Engine/Content/EditorSounds/Notifications/CompileSuccess_Cue.uasset" 258
"../../../Engine/Content/EngineDamageTypes/DmgTypeBP_Environmental.uasset" 259
"../../../Engine/Content/EngineDebugMaterials/HeatmapGradient.uasset" 260
"../../../Engine/Content/EngineDebugMaterials/BoneWeightMaterial.uasset" 261
"../../../Engine/Content/EngineDebugMaterials/ClothMaterial.uasset" 262
"../../../Engine/Content/EngineDebugMaterials/ClothMaterial_WF.uasset" 263
"../../../Engine/Content/EngineDebugMaterials/DebugEditorMaterial.uasset" 264
"../../../Engine/Content/EngineDebugMaterials/DebugMeshMaterial.uasset" 265
"../../../Engine/Content/EngineDebugMaterials/GeomMaterial.uasset" 266
"../../../Engine/Content/EngineDebugMaterials/M_SimpleTranslucent.uasset" 267
"../../../Engine/Content/EngineFonts/Faces/RobotoBold.uasset" 268
"../../../Engine/Content/EngineFonts/Faces/RobotoBoldItalic.uasset" 269
"../../../Engine/Content/EngineFonts/Faces/RobotoItalic.uasset" 270
"../../../Engine/Content/EngineFonts/Faces/RobotoLight.uasset" 271
"../../../Engine/Content/EngineFonts/Faces/RobotoRegular.uasset" 272
"../../../Engine/Content/EngineFonts/Roboto.uasset" 273
"../../../Engine/Content/EngineFonts/Faces/RobotoTiny.uasset" 274
"../../../Engine/Content/EngineFonts/RobotoTiny.uasset" 275
"../../../Engine/Content/EngineMaterials/BaseFlattenDiffuseMap.uasset" 276
"../../../Engine/Content/EngineMaterials/BaseFlattenEmissiveMap.uasset" 277
"../../../Engine/Content/EngineMaterials/BaseFlattenGrayscaleMap.uasset" 278
"../../../Engine/Content/EngineMaterials/BaseFlattenNormalMap.uasset" 279
"../../../Engine/Content/EngineMaterials/BaseFlattenMaterial.uasset" 280
"../../../Engine/Content/EngineMaterials/DefaultBloomKernel.uasset" 281
"../../../Engine/Content/EngineMaterials/DefaultBokeh.uasset" 282
"../../../Engine/Content/EngineMaterials/DefaultDiffuse.uasset" 283
"../../../Engine/Content/EngineMaterials/DefaultDeferredDecalMaterial.uasset" 284
"../../../Engine/Content/EngineMaterials/DefaultLightFunctionMaterial.uasset" 285
"../../../Engine/Content/EngineMaterials/DefaultPhysicalMaterial.uasset" 286
"../../../Engine/Content/Functions/Engine_MaterialFunctions02/Utility/BreakOutFloat2Components.uasset" 287
"../../../Engine/Content/EngineMaterials/DefaultPostProcessMaterial.uasset" 288
"../../../Engine/Content/EngineFonts/RobotoDistanceField.uasset" 289
"../../../Engine/Content/EngineMaterials/DefaultTextMaterialOpaque.uasset" 290
"../../../Engine/Content/EngineMaterials/DefaultWhiteGrid.uasset" 291
"../../../Engine/Content/EngineMaterials/EditorBrushMaterial.uasset" 292
"../../../Engine/Content/EngineMaterials/Good64x64TilingNoiseHighFreq.uasset" 293
"../../../Engine/Content/EngineMaterials/MiniFont.uasset" 294
"../../../Engine/Content/EngineMaterials/InvalidLightmapSettings.uasset" 295
"../../../Engine/Content/EngineMaterials/M_InvalidLightmapSettings.uasset" 296
"../../../Engine/Content/Functions/Engine_MaterialFunctions02/WorldPositionOffset/CameraOffset.uasset" 297
"../../../Engine/Content/EngineMaterials/PhAT_JointLimitMaterial.uasset" 298
"../../../Engine/Content/EngineMaterials/PreintegratedSkinBRDF.uasset" 299
"../../../Engine/Content/EngineMaterials/RemoveSurfaceMaterial.uasset" 300
"../../../Engine/Content/EngineMaterials/WeightMapPlaceholderTexture.uasset" 301
"../../../Engine/Content/EngineResources/WhiteSquareTexture.uasset" 302
"../../../Engine/Content/EngineMaterials/Widget3DPassThrough.uasset" 303
"../../../Engine/Content/EngineMaterials/Widget3DPassThrough_Masked.uasset" 304
"../../../Engine/Content/EngineMaterials/Widget3DPassThrough_Opaque.uasset" 305
"../../../Engine/Content/EngineMaterials/Widget3DPassThrough_Masked_OneSided.uasset" 306
"../../../Engine/Content/EngineMaterials/Widget3DPassThrough_Opaque_OneSided.uasset" 307
"../../../Engine/Content/EngineMaterials/Widget3DPassThrough_Translucent.uasset" 308
"../../../Engine/Content/EngineMaterials/Widget3DPassThrough_Translucent_OneSided.uasset" 309
"../../../Engine/Content/EngineMeshes/Cylinder.uasset" 310
"../../../Engine/Content/EngineMeshes/Sphere.uasset" 311
"../../../Engine/Content/EngineResources/Black.uasset" 312
"../../../Engine/Content/EngineResources/DefaultTexture.uasset" 313
"../../../Engine/Content/EngineResources/DefaultTextureCube.uasset" 314
"../../../Engine/Content/EngineResources/DefaultVolumeTexture2D.uasset" 315
"../../../Engine/Content/EngineResources/DefaultVolumeTexture.uasset" 316
"../../../Engine/Content/EngineResources/GradientTexture0.uasset" 317
"../../../Engine/Content/EngineSounds/Master.uasset" 318
"../../../Engine/Content/Functions/Engine_MaterialFunctions01/Shading/ConvertFromDiffSpec.uasset" 319
"../../../Engine/Content/Functions/Engine_MaterialFunctions01/Shading/PowerToRoughness.uasset" 320
"../../../Engine/Content/Maps/Templates/Thumbnails/Default.uasset" 321
"../../../Engine/Content/Maps/Templates/Thumbnails/VR-Basic.uasset" 322
"../../../Engine/Content/MobileResources/T_MobileControls_texture.uasset" 323
"../../../Engine/Content/MobileResources/T_MobileMenu2.uasset" 324
"../../../Engine/Content/MobileResources/HUD/AnalogHat.uasset" 325
"../../../Engine/Content/MobileResources/HUD/VirtualJoystick_Background.uasset" 326
"../../../Engine/Content/MobileResources/HUD/VirtualJoystick_Thumb.uasset" 327
"../../../Engine/Content/MobileResources/HUD/DefaultVirtualJoysticks.uasset" 328
"../../../Engine/Content/MobileResources/HUD/LeftVirtualJoystickOnly.uasset" 329
"../../../Engine/Content/MobileResources/HUD/MobileHUDButton1_off.uasset" 330
"../../../Engine/Content/MobileResources/HUD/MobileHUDButton1_on.uasset" 331
"../../../Engine/Content/MobileResources/HUD/MobileHUDButton2_off.uasset" 332
"../../../Engine/Content/MobileResources/HUD/MobileHUDButton2_on.uasset" 333
"../../../Engine/Content/MobileResources/HUD/MobileHUDButton3.uasset" 334
"../../../Engine/Content/MobileResources/HUD/MobileHUDButtonFire.uasset" 335
"../../../Engine/Content/MobileResources/HUD/MobileHUDDirectionPad.uasset" 336
"../../../Engine/Content/MobileResources/HUD/MobileHUDDirectionPad2.uasset" 337
"../../../Engine/Content/MobileResources/HUD/MobileHUDDirectionPad3.uasset" 338
"../../../Engine/Content/MobileResources/HUD/MobileHUDDirectionStick.uasset" 339
"../../../Engine/Content/MobileResources/HUD/T_Castle_ThumbstickInner.uasset" 340
"../../../Engine/Content/MobileResources/HUD/T_Castle_ThumbstickOutter.uasset" 341
"../../../Engine/Content/Tutorial/ContentIntroCurve.uasset" 342
"../../../Engine/Content/Tutorial/Mobile/TutorialAssets/IOS.uasset" 343
"../../../Engine/Content/VREditor/LaserPointer/VR_LaserPower_01.uasset" 344
"../../../Engine/Content/VREditor/TransformGizmo/TransformGizmoMaterial.uasset" 345
"../../../Engine/Content/VREditor/TransformGizmo/TranslucentTransformGizmoMaterial.uasset" 346
"../../../Engine/Content/VREditor/TransformGizmo/BoundingBoxCorner.uasset" 347
"../../../Engine/Content/VREditor/TransformGizmo/BoundingBoxEdge.uasset" 348
"../../../Engine/Content/VREditor/TransformGizmo/PlaneTranslationHandle.uasset" 349
"../../../Engine/Content/VREditor/TransformGizmo/Main.uasset" 350
"../../../Engine/Content/VREditor/TransformGizmo/Xray.uasset" 351
"../../../Engine/Content/VREditor/TransformGizmo/SM_Sequencer_Key.uasset" 352
"../../../Engine/Content/VREditor/TransformGizmo/SM_Sequencer_Node.uasset" 353
"../../Plugins/2D/Paper2D/Content/PlaceholderTextures/DummySpriteTexture.uasset" 354
"../../Plugins/2D/Paper2D/Content/DummySprite.uasset" 355
"../../Plugins/2D/Paper2D/Content/DefaultPaperTerrainMaterial.uasset" 356
"../../Plugins/2D/Paper2D/Content/MaskedUnlitSpriteMaterial.uasset" 357
"../../Plugins/2D/Paper2D/Content/OpaqueUnlitSpriteMaterial.uasset" 358
"../../Plugins/Runtime/Oculus/OculusVR/Content/Materials/PokeAHoleMaterial.uasset" 359
"../../Plugins/Runtime/Oculus/OculusVR/Content/Textures/GearVRController_AO.uasset" 360
"../../Plugins/Runtime/Oculus/OculusVR/Content/Textures/GearVRController_Color.uasset" 361
"../../Plugins/Runtime/Oculus/OculusVR/Content/Textures/GearVRController_Normal.uasset" 362
"../../Plugins/Runtime/Oculus/OculusVR/Content/Materials/GearVRControllerMaterial.uasset" 363
"../../Plugins/Runtime/Oculus/OculusVR/Content/Meshes/GearVrController.uasset" 364
"../../Plugins/Runtime/Oculus/OculusVR/Content/Textures/touchController_albedo.uasset" 365
"../../Plugins/Runtime/Oculus/OculusVR/Content/Textures/touchController_controlmap.uasset" 366
"../../Plugins/Runtime/Oculus/OculusVR/Content/Materials/touchController_mat.uasset" 367
"../../Plugins/Runtime/Oculus/OculusVR/Content/Meshes/LeftTouchController.uasset" 368
"../../Plugins/Runtime/Oculus/OculusVR/Content/Meshes/RiftHMD.uasset" 369
"../../Plugins/Runtime/Oculus/OculusVR/Content/Meshes/RightTouchController.uasset" 370
"../../../Engine/Content/EngineSky/C_Sky_Cloud_Color.uasset" 371
"../../../Engine/Content/EngineSky/C_Sky_Horizon_Color.uasset" 372
"../../../Engine/Content/EngineSky/C_Sky_Zenith_Color.uasset" 373
"../../../Engine/Content/EngineSky/T_Sky_Blue.uasset" 374
"../../../Engine/Content/EngineSky/T_Sky_Clouds_M.uasset" 375
"../../../Engine/Content/EngineSky/T_Sky_Stars.uasset" 376
"../../../Engine/Content/EngineSky/M_Sky_Panning_Clouds2.uasset" 377
"../../../Engine/Content/EngineSky/SM_SkySphere.uasset" 378
"../../../Engine/Content/EngineSky/BP_Sky_Sphere.uasset" 379
"../../../Engine/Content/EditorMeshes/EditorPlane.uasset" 380
"../../../../../../Users/trist/Desktop/GGJ19/SlippyPaws/Content/ice/Content/Testmap.umap" 381
"../../../../../../Users/trist/Desktop/GGJ19/SlippyPaws/Content/Killz.uasset" 382
"../../../../../../Users/trist/Desktop/GGJ19/SlippyPaws/Content/ThirdPersonBP/Maps/ThirdPersonExampleMap_BuiltData.uasset" 383
"../../../../../../Users/trist/Desktop/GGJ19/SlippyPaws/Content/ice/Content/dancing_water_basecolor.uasset" 384
"../../../../../../Users/trist/Desktop/GGJ19/SlippyPaws/Content/ice/Content/dancing_water_combinedmap.uasset" 385
"../../../../../../Users/trist/Desktop/GGJ19/SlippyPaws/Content/ice/Content/dancing_water_height.uasset" 386
"../../../../../../Users/trist/Desktop/GGJ19/SlippyPaws/Content/ice/Content/dancing_water_normal.uasset" 387
"../../../../../../Users/trist/Desktop/GGJ19/SlippyPaws/Content/ice/Content/M_Water_Master.uasset" 388
"../../../Engine/Content/BasicShapes/Plane.uasset" 389
"../../../../../../Users/trist/Desktop/GGJ19/SlippyPaws/Content/Sounds/Sound_icebreaking.uasset" 390
"../../../../../../Users/trist/Desktop/GGJ19/SlippyPaws/Content/Sounds/Sound_splash.uasset" 391
"../../../../../../Users/trist/Desktop/GGJ19/SlippyPaws/Content/Sounds/Sound_windhowling.uasset" 392
"../../../../../../Users/trist/Desktop/GGJ19/SlippyPaws/Content/AmbientSounds.uasset" 393
"../../../../../../Users/trist/Desktop/GGJ19/SlippyPaws/Content/ThirdPersonBP/Maps/ThirdPersonExampleMap.umap" 394
"../../../Engine/Content/Maps/Entry_BuiltData.uasset" 395
"../../../Engine/Content/Maps/Entry.umap" 396
